ERROR:root:Oops:
Traceback (most recent call last):
  File "/net/hciserver03/storage/abailoni/rep/greedy_CNN/test_reg.py", line 213, in <module>
    main()
  File "/net/hciserver03/storage/abailoni/rep/greedy_CNN/test_reg.py", line 208, in main
    first()
  File "/net/hciserver03/storage/abailoni/rep/greedy_CNN/mod_nolearn/tuneHyper.py", line 218, in __call__
    results.append(self.fit_model(val_dict, "model_%d" %(model_ids[k])))
  File "/net/hciserver03/storage/abailoni/rep/greedy_CNN/test_reg.py", line 178, in fit_model
    greedy_routine.train_convSoftmax(net_name, 0, fit_naiveRoutine_convSoft, fit_naiveRoutine_convSoft_finetune,  0)
  File "/net/hciserver03/storage/abailoni/rep/greedy_CNN/greedyNET/nets/greedyNet.py", line 202, in train_convSoftmax
    self.convSoftmax[net_name].activate_nodes()
  File "/net/hciserver03/storage/abailoni/rep/greedy_CNN/greedyNET/nets/convSoftmax.py", line 241, in activate_nodes
    self.net.initialize()
  File "/export/home/abailoni/miniconda2/envs/env/lib/python2.7/site-packages/nolearn/lasagne/base.py", line 371, in initialize
    self.y_tensor_type,
  File "/export/home/abailoni/miniconda2/envs/env/lib/python2.7/site-packages/nolearn/lasagne/base.py", line 513, in _create_iter_funcs
    allow_input_downcast=True,
  File "/export/home/abailoni/miniconda2/envs/env/lib/python2.7/site-packages/theano/compile/function.py", line 322, in function
    output_keys=output_keys)
  File "/export/home/abailoni/miniconda2/envs/env/lib/python2.7/site-packages/theano/compile/pfunc.py", line 480, in pfunc
    output_keys=output_keys)
  File "/export/home/abailoni/miniconda2/envs/env/lib/python2.7/site-packages/theano/compile/function_module.py", line 1787, in orig_function
    output_keys=output_keys).create(
  File "/export/home/abailoni/miniconda2/envs/env/lib/python2.7/site-packages/theano/compile/function_module.py", line 1467, in __init__
    optimizer_profile = optimizer(fgraph)
  File "/export/home/abailoni/miniconda2/envs/env/lib/python2.7/site-packages/theano/gof/opt.py", line 102, in __call__
    return self.optimize(fgraph)
  File "/export/home/abailoni/miniconda2/envs/env/lib/python2.7/site-packages/theano/gof/opt.py", line 90, in optimize
    ret = self.apply(fgraph, *args, **kwargs)
  File "/export/home/abailoni/miniconda2/envs/env/lib/python2.7/site-packages/theano/gof/opt.py", line 235, in apply
    sub_prof = optimizer.optimize(fgraph)
  File "/export/home/abailoni/miniconda2/envs/env/lib/python2.7/site-packages/theano/gof/opt.py", line 90, in optimize
    ret = self.apply(fgraph, *args, **kwargs)
  File "/export/home/abailoni/miniconda2/envs/env/lib/python2.7/site-packages/theano/gof/opt.py", line 2257, in apply
    lopt_change = self.process_node(fgraph, node, lopt)
  File "/export/home/abailoni/miniconda2/envs/env/lib/python2.7/site-packages/theano/gof/opt.py", line 1820, in process_node
    replacements = lopt.transform(node)
  File "/export/home/abailoni/miniconda2/envs/env/lib/python2.7/site-packages/theano/tensor/opt.py", line 5019, in local_sum_prod_div_dimshuffle
    numerator, denominator = node_input.owner.inputs
KeyboardInterrupt
ERROR:root:Oops:
Traceback (most recent call last):
  File "/net/hciserver03/storage/abailoni/rep/greedy_CNN/test_reg.py", line 213, in <module>
    main()
  File "/net/hciserver03/storage/abailoni/rep/greedy_CNN/test_reg.py", line 208, in main
    first()
  File "/net/hciserver03/storage/abailoni/rep/greedy_CNN/mod_nolearn/tuneHyper.py", line 218, in __call__
    results.append(self.fit_model(val_dict, "model_%d" %(model_ids[k])))
  File "/net/hciserver03/storage/abailoni/rep/greedy_CNN/test_reg.py", line 174, in fit_model
    **join_dict(nolearn_kwargs, greedy_kwargs)
  File "/net/hciserver03/storage/abailoni/rep/greedy_CNN/greedyNET/nets/greedyNet.py", line 69, in __init__
    self.net.initialize()
  File "/export/home/abailoni/miniconda2/envs/env/lib/python2.7/site-packages/nolearn/lasagne/base.py", line 371, in initialize
    self.y_tensor_type,
  File "/export/home/abailoni/miniconda2/envs/env/lib/python2.7/site-packages/nolearn/lasagne/base.py", line 513, in _create_iter_funcs
    allow_input_downcast=True,
  File "/export/home/abailoni/miniconda2/envs/env/lib/python2.7/site-packages/theano/compile/function.py", line 322, in function
    output_keys=output_keys)
  File "/export/home/abailoni/miniconda2/envs/env/lib/python2.7/site-packages/theano/compile/pfunc.py", line 480, in pfunc
    output_keys=output_keys)
  File "/export/home/abailoni/miniconda2/envs/env/lib/python2.7/site-packages/theano/compile/function_module.py", line 1787, in orig_function
    output_keys=output_keys).create(
  File "/export/home/abailoni/miniconda2/envs/env/lib/python2.7/site-packages/theano/compile/function_module.py", line 1467, in __init__
    optimizer_profile = optimizer(fgraph)
  File "/export/home/abailoni/miniconda2/envs/env/lib/python2.7/site-packages/theano/gof/opt.py", line 102, in __call__
    return self.optimize(fgraph)
  File "/export/home/abailoni/miniconda2/envs/env/lib/python2.7/site-packages/theano/gof/opt.py", line 90, in optimize
    ret = self.apply(fgraph, *args, **kwargs)
  File "/export/home/abailoni/miniconda2/envs/env/lib/python2.7/site-packages/theano/gof/opt.py", line 235, in apply
    sub_prof = optimizer.optimize(fgraph)
  File "/export/home/abailoni/miniconda2/envs/env/lib/python2.7/site-packages/theano/gof/opt.py", line 90, in optimize
    ret = self.apply(fgraph, *args, **kwargs)
  File "/export/home/abailoni/miniconda2/envs/env/lib/python2.7/site-packages/theano/gof/opt.py", line 235, in apply
    sub_prof = optimizer.optimize(fgraph)
  File "/export/home/abailoni/miniconda2/envs/env/lib/python2.7/site-packages/theano/gof/opt.py", line 90, in optimize
    ret = self.apply(fgraph, *args, **kwargs)
  File "/export/home/abailoni/miniconda2/envs/env/lib/python2.7/site-packages/theano/gof/opt.py", line 2257, in apply
    lopt_change = self.process_node(fgraph, node, lopt)
  File "/export/home/abailoni/miniconda2/envs/env/lib/python2.7/site-packages/theano/gof/opt.py", line 1860, in process_node
    remove=remove)
  File "/export/home/abailoni/miniconda2/envs/env/lib/python2.7/site-packages/theano/gof/toolbox.py", line 390, in replace_all_validate_remove
    chk = fgraph.replace_all_validate(replacements, reason)
  File "/export/home/abailoni/miniconda2/envs/env/lib/python2.7/site-packages/theano/gof/toolbox.py", line 339, in replace_all_validate
    fgraph.replace(r, new_r, reason=reason, verbose=False)
  File "/export/home/abailoni/miniconda2/envs/env/lib/python2.7/site-packages/theano/gof/fg.py", line 532, in replace
    self.change_input(node, i, new_r, reason=reason)
  File "/export/home/abailoni/miniconda2/envs/env/lib/python2.7/site-packages/theano/gof/fg.py", line 479, in change_input
    r, new_r, reason=reason)
  File "/export/home/abailoni/miniconda2/envs/env/lib/python2.7/site-packages/theano/gof/fg.py", line 612, in execute_callbacks
    fn(self, *args, **kwargs)
  File "/export/home/abailoni/miniconda2/envs/env/lib/python2.7/site-packages/theano/tensor/opt.py", line 1357, in on_change_input
    self.update_shape(new_r, r)
  File "/export/home/abailoni/miniconda2/envs/env/lib/python2.7/site-packages/theano/tensor/opt.py", line 1206, in update_shape
    elif r_shape[i] in theano.gof.graph.ancestors([other_shape[i]]):
  File "/export/home/abailoni/miniconda2/envs/env/lib/python2.7/site-packages/theano/gof/graph.py", line 672, in ancestors
    dfs_variables = stack_search(deque(variable_list), expand, 'dfs')
  File "/export/home/abailoni/miniconda2/envs/env/lib/python2.7/site-packages/theano/gof/graph.py", line 640, in stack_search
    expand_l = expand(l)
  File "/export/home/abailoni/miniconda2/envs/env/lib/python2.7/site-packages/theano/gof/graph.py", line 670, in expand
    if r.owner and (not blockers or r not in blockers):
KeyboardInterrupt
ERROR:root:Oops:
Traceback (most recent call last):
  File "/net/hciserver03/storage/abailoni/rep/greedy_CNN/test_reg.py", line 213, in <module>
    main()
  File "/net/hciserver03/storage/abailoni/rep/greedy_CNN/test_reg.py", line 208, in main
    first()
  File "/net/hciserver03/storage/abailoni/rep/greedy_CNN/mod_nolearn/tuneHyper.py", line 218, in __call__
    results.append(self.fit_model(val_dict, "model_%d" %(model_ids[k])))
  File "/net/hciserver03/storage/abailoni/rep/greedy_CNN/test_reg.py", line 174, in fit_model
    **join_dict(nolearn_kwargs, greedy_kwargs)
  File "/net/hciserver03/storage/abailoni/rep/greedy_CNN/greedyNET/nets/greedyNet.py", line 69, in __init__
    self.net.initialize()
  File "/export/home/abailoni/miniconda2/envs/env/lib/python2.7/site-packages/nolearn/lasagne/base.py", line 371, in initialize
    self.y_tensor_type,
  File "/export/home/abailoni/miniconda2/envs/env/lib/python2.7/site-packages/nolearn/lasagne/base.py", line 513, in _create_iter_funcs
    allow_input_downcast=True,
  File "/export/home/abailoni/miniconda2/envs/env/lib/python2.7/site-packages/theano/compile/function.py", line 322, in function
    output_keys=output_keys)
  File "/export/home/abailoni/miniconda2/envs/env/lib/python2.7/site-packages/theano/compile/pfunc.py", line 480, in pfunc
    output_keys=output_keys)
  File "/export/home/abailoni/miniconda2/envs/env/lib/python2.7/site-packages/theano/compile/function_module.py", line 1787, in orig_function
    output_keys=output_keys).create(
  File "/export/home/abailoni/miniconda2/envs/env/lib/python2.7/site-packages/theano/compile/function_module.py", line 1467, in __init__
    optimizer_profile = optimizer(fgraph)
  File "/export/home/abailoni/miniconda2/envs/env/lib/python2.7/site-packages/theano/gof/opt.py", line 102, in __call__
    return self.optimize(fgraph)
  File "/export/home/abailoni/miniconda2/envs/env/lib/python2.7/site-packages/theano/gof/opt.py", line 90, in optimize
    ret = self.apply(fgraph, *args, **kwargs)
  File "/export/home/abailoni/miniconda2/envs/env/lib/python2.7/site-packages/theano/gof/opt.py", line 235, in apply
    sub_prof = optimizer.optimize(fgraph)
  File "/export/home/abailoni/miniconda2/envs/env/lib/python2.7/site-packages/theano/gof/opt.py", line 90, in optimize
    ret = self.apply(fgraph, *args, **kwargs)
  File "/export/home/abailoni/miniconda2/envs/env/lib/python2.7/site-packages/theano/gof/opt.py", line 235, in apply
    sub_prof = optimizer.optimize(fgraph)
  File "/export/home/abailoni/miniconda2/envs/env/lib/python2.7/site-packages/theano/gof/opt.py", line 90, in optimize
    ret = self.apply(fgraph, *args, **kwargs)
  File "/export/home/abailoni/miniconda2/envs/env/lib/python2.7/site-packages/theano/gof/opt.py", line 2257, in apply
    lopt_change = self.process_node(fgraph, node, lopt)
  File "/export/home/abailoni/miniconda2/envs/env/lib/python2.7/site-packages/theano/gof/opt.py", line 1820, in process_node
    replacements = lopt.transform(node)
  File "/export/home/abailoni/miniconda2/envs/env/lib/python2.7/site-packages/theano/tensor/opt.py", line 6099, in constant_folding
    no_recycling=[])
  File "/export/home/abailoni/miniconda2/envs/env/lib/python2.7/site-packages/theano/sandbox/cuda/__init__.py", line 257, in make_thunk
    compute_map, no_recycling)
  File "/export/home/abailoni/miniconda2/envs/env/lib/python2.7/site-packages/theano/gof/op.py", line 975, in make_thunk
    no_recycling)
  File "/export/home/abailoni/miniconda2/envs/env/lib/python2.7/site-packages/theano/gof/op.py", line 866, in make_c_thunk
    e = FunctionGraph(node.inputs, node.outputs)
  File "/export/home/abailoni/miniconda2/envs/env/lib/python2.7/site-packages/theano/gof/fg.py", line 143, in __init__
    inputs, outputs = graph.clone(inputs, outputs)
  File "/export/home/abailoni/miniconda2/envs/env/lib/python2.7/site-packages/theano/gof/graph.py", line 817, in clone
    equiv = clone_get_equiv(i, o, copy_inputs)
  File "/export/home/abailoni/miniconda2/envs/env/lib/python2.7/site-packages/theano/gof/graph.py", line 858, in clone_get_equiv
    for apply in io_toposort(inputs, outputs):
  File "/export/home/abailoni/miniconda2/envs/env/lib/python2.7/site-packages/theano/gof/graph.py", line 1030, in io_toposort
    deps_cache=deps_cache, clients=clients)
  File "/export/home/abailoni/miniconda2/envs/env/lib/python2.7/site-packages/theano/gof/graph.py", line 955, in general_toposort
    if len(rlist) != len(reachable):
KeyboardInterrupt
ERROR:root:Oops:
Traceback (most recent call last):
  File "/net/hciserver03/storage/abailoni/rep/greedy_CNN/test_reg.py", line 213, in <module>
    main()
  File "/net/hciserver03/storage/abailoni/rep/greedy_CNN/test_reg.py", line 208, in main
    first()
  File "/net/hciserver03/storage/abailoni/rep/greedy_CNN/mod_nolearn/tuneHyper.py", line 218, in __call__
    print "TUNING %d:" %model_ids[k]
  File "/net/hciserver03/storage/abailoni/rep/greedy_CNN/test_reg.py", line 174, in fit_model
    **join_dict(nolearn_kwargs, greedy_kwargs)
  File "/net/hciserver03/storage/abailoni/rep/greedy_CNN/greedyNET/nets/greedyNet.py", line 69, in __init__
    self.net.initialize()
  File "/export/home/abailoni/miniconda2/envs/env/lib/python2.7/site-packages/nolearn/lasagne/base.py", line 371, in initialize
    self.y_tensor_type,
  File "/export/home/abailoni/miniconda2/envs/env/lib/python2.7/site-packages/nolearn/lasagne/base.py", line 513, in _create_iter_funcs
    allow_input_downcast=True,
  File "/export/home/abailoni/miniconda2/envs/env/lib/python2.7/site-packages/theano/compile/function.py", line 322, in function
    output_keys=output_keys)
  File "/export/home/abailoni/miniconda2/envs/env/lib/python2.7/site-packages/theano/compile/pfunc.py", line 480, in pfunc
    output_keys=output_keys)
  File "/export/home/abailoni/miniconda2/envs/env/lib/python2.7/site-packages/theano/compile/function_module.py", line 1787, in orig_function
    output_keys=output_keys).create(
  File "/export/home/abailoni/miniconda2/envs/env/lib/python2.7/site-packages/theano/compile/function_module.py", line 1467, in __init__
    optimizer_profile = optimizer(fgraph)
  File "/export/home/abailoni/miniconda2/envs/env/lib/python2.7/site-packages/theano/gof/opt.py", line 102, in __call__
    return self.optimize(fgraph)
  File "/export/home/abailoni/miniconda2/envs/env/lib/python2.7/site-packages/theano/gof/opt.py", line 90, in optimize
    ret = self.apply(fgraph, *args, **kwargs)
  File "/export/home/abailoni/miniconda2/envs/env/lib/python2.7/site-packages/theano/gof/opt.py", line 235, in apply
    sub_prof = optimizer.optimize(fgraph)
  File "/export/home/abailoni/miniconda2/envs/env/lib/python2.7/site-packages/theano/gof/opt.py", line 90, in optimize
    ret = self.apply(fgraph, *args, **kwargs)
  File "/export/home/abailoni/miniconda2/envs/env/lib/python2.7/site-packages/theano/gof/opt.py", line 235, in apply
    sub_prof = optimizer.optimize(fgraph)
  File "/export/home/abailoni/miniconda2/envs/env/lib/python2.7/site-packages/theano/gof/opt.py", line 90, in optimize
    ret = self.apply(fgraph, *args, **kwargs)
  File "/export/home/abailoni/miniconda2/envs/env/lib/python2.7/site-packages/theano/gof/opt.py", line 2257, in apply
    lopt_change = self.process_node(fgraph, node, lopt)
  File "/export/home/abailoni/miniconda2/envs/env/lib/python2.7/site-packages/theano/gof/opt.py", line 1860, in process_node
    remove=remove)
  File "/export/home/abailoni/miniconda2/envs/env/lib/python2.7/site-packages/theano/gof/toolbox.py", line 390, in replace_all_validate_remove
    chk = fgraph.replace_all_validate(replacements, reason)
  File "/export/home/abailoni/miniconda2/envs/env/lib/python2.7/site-packages/theano/gof/toolbox.py", line 339, in replace_all_validate
    fgraph.replace(r, new_r, reason=reason, verbose=False)
  File "/export/home/abailoni/miniconda2/envs/env/lib/python2.7/site-packages/theano/gof/fg.py", line 532, in replace
    self.change_input(node, i, new_r, reason=reason)
  File "/export/home/abailoni/miniconda2/envs/env/lib/python2.7/site-packages/theano/gof/fg.py", line 472, in change_input
    self.__import_r__(new_r, reason=reason)
  File "/export/home/abailoni/miniconda2/envs/env/lib/python2.7/site-packages/theano/gof/fg.py", line 376, in __import_r__
    self.__import__(variable.owner, reason=reason)
  File "/export/home/abailoni/miniconda2/envs/env/lib/python2.7/site-packages/theano/gof/fg.py", line 436, in __import__
    self.execute_callbacks('on_import', node, reason)
  File "/export/home/abailoni/miniconda2/envs/env/lib/python2.7/site-packages/theano/gof/fg.py", line 612, in execute_callbacks
    fn(self, *args, **kwargs)
  File "/export/home/abailoni/miniconda2/envs/env/lib/python2.7/site-packages/theano/tensor/opt.py", line 1305, in on_import
    o_shapes = self.get_node_infer_shape(node)
  File "/export/home/abailoni/miniconda2/envs/env/lib/python2.7/site-packages/theano/tensor/opt.py", line 939, in get_node_infer_shape
    [self.shape_of[r] for r in node.inputs])
  File "/export/home/abailoni/miniconda2/envs/env/lib/python2.7/site-packages/theano/tensor/opt.py", line 1037, in default_infer_shape
    rval.append(self.shape_tuple(r))
  File "/export/home/abailoni/miniconda2/envs/env/lib/python2.7/site-packages/theano/tensor/opt.py", line 1024, in shape_tuple
    return tuple([self.shape_ir(i, r) for i in xrange(r.ndim)])
  File "/export/home/abailoni/miniconda2/envs/env/lib/python2.7/site-packages/theano/tensor/opt.py", line 1014, in shape_ir
    s = get_scalar_constant_value(s)
  File "/export/home/abailoni/miniconda2/envs/env/lib/python2.7/site-packages/theano/tensor/basic.py", line 629, in get_scalar_constant_value
    compile.DeepCopyOp)):
KeyboardInterrupt
ERROR:root:Oops:
Traceback (most recent call last):
  File "/net/hciserver03/storage/abailoni/rep/greedy_CNN/test_reg.py", line 213, in <module>
    main()
  File "/net/hciserver03/storage/abailoni/rep/greedy_CNN/test_reg.py", line 208, in main
    first()
  File "/net/hciserver03/storage/abailoni/rep/greedy_CNN/mod_nolearn/tuneHyper.py", line 218, in __call__
    print "TUNING %d:" %model_ids[k]
  File "/net/hciserver03/storage/abailoni/rep/greedy_CNN/test_reg.py", line 174, in fit_model
    **join_dict(nolearn_kwargs, greedy_kwargs)
  File "/net/hciserver03/storage/abailoni/rep/greedy_CNN/greedyNET/nets/greedyNet.py", line 69, in __init__
    self.net.initialize()
  File "/export/home/abailoni/miniconda2/envs/env/lib/python2.7/site-packages/nolearn/lasagne/base.py", line 371, in initialize
    self.y_tensor_type,
  File "/export/home/abailoni/miniconda2/envs/env/lib/python2.7/site-packages/nolearn/lasagne/base.py", line 513, in _create_iter_funcs
    allow_input_downcast=True,
  File "/export/home/abailoni/miniconda2/envs/env/lib/python2.7/site-packages/theano/compile/function.py", line 322, in function
    output_keys=output_keys)
  File "/export/home/abailoni/miniconda2/envs/env/lib/python2.7/site-packages/theano/compile/pfunc.py", line 480, in pfunc
    output_keys=output_keys)
  File "/export/home/abailoni/miniconda2/envs/env/lib/python2.7/site-packages/theano/compile/function_module.py", line 1787, in orig_function
    output_keys=output_keys).create(
  File "/export/home/abailoni/miniconda2/envs/env/lib/python2.7/site-packages/theano/compile/function_module.py", line 1467, in __init__
    optimizer_profile = optimizer(fgraph)
  File "/export/home/abailoni/miniconda2/envs/env/lib/python2.7/site-packages/theano/gof/opt.py", line 102, in __call__
    return self.optimize(fgraph)
  File "/export/home/abailoni/miniconda2/envs/env/lib/python2.7/site-packages/theano/gof/opt.py", line 90, in optimize
    ret = self.apply(fgraph, *args, **kwargs)
  File "/export/home/abailoni/miniconda2/envs/env/lib/python2.7/site-packages/theano/gof/opt.py", line 235, in apply
    sub_prof = optimizer.optimize(fgraph)
  File "/export/home/abailoni/miniconda2/envs/env/lib/python2.7/site-packages/theano/gof/opt.py", line 90, in optimize
    ret = self.apply(fgraph, *args, **kwargs)
  File "/export/home/abailoni/miniconda2/envs/env/lib/python2.7/site-packages/theano/gof/opt.py", line 235, in apply
    sub_prof = optimizer.optimize(fgraph)
  File "/export/home/abailoni/miniconda2/envs/env/lib/python2.7/site-packages/theano/gof/opt.py", line 90, in optimize
    ret = self.apply(fgraph, *args, **kwargs)
  File "/export/home/abailoni/miniconda2/envs/env/lib/python2.7/site-packages/theano/gof/opt.py", line 2257, in apply
    lopt_change = self.process_node(fgraph, node, lopt)
  File "/export/home/abailoni/miniconda2/envs/env/lib/python2.7/site-packages/theano/gof/opt.py", line 1860, in process_node
    remove=remove)
  File "/export/home/abailoni/miniconda2/envs/env/lib/python2.7/site-packages/theano/gof/toolbox.py", line 390, in replace_all_validate_remove
    chk = fgraph.replace_all_validate(replacements, reason)
  File "/export/home/abailoni/miniconda2/envs/env/lib/python2.7/site-packages/theano/gof/toolbox.py", line 339, in replace_all_validate
    fgraph.replace(r, new_r, reason=reason, verbose=False)
  File "/export/home/abailoni/miniconda2/envs/env/lib/python2.7/site-packages/theano/gof/fg.py", line 532, in replace
    self.change_input(node, i, new_r, reason=reason)
  File "/export/home/abailoni/miniconda2/envs/env/lib/python2.7/site-packages/theano/gof/fg.py", line 472, in change_input
    self.__import_r__(new_r, reason=reason)
  File "/export/home/abailoni/miniconda2/envs/env/lib/python2.7/site-packages/theano/gof/fg.py", line 376, in __import_r__
    self.__import__(variable.owner, reason=reason)
  File "/export/home/abailoni/miniconda2/envs/env/lib/python2.7/site-packages/theano/gof/fg.py", line 436, in __import__
    self.execute_callbacks('on_import', node, reason)
  File "/export/home/abailoni/miniconda2/envs/env/lib/python2.7/site-packages/theano/gof/fg.py", line 612, in execute_callbacks
    fn(self, *args, **kwargs)
  File "/export/home/abailoni/miniconda2/envs/env/lib/python2.7/site-packages/theano/tensor/opt.py", line 1305, in on_import
    o_shapes = self.get_node_infer_shape(node)
  File "/export/home/abailoni/miniconda2/envs/env/lib/python2.7/site-packages/theano/tensor/opt.py", line 939, in get_node_infer_shape
    [self.shape_of[r] for r in node.inputs])
  File "/export/home/abailoni/miniconda2/envs/env/lib/python2.7/site-packages/theano/tensor/basic.py", line 4505, in infer_shape
    new_dims = [node.inputs[1][i] for i in xrange(self.ndim)]
  File "/export/home/abailoni/miniconda2/envs/env/lib/python2.7/site-packages/theano/tensor/var.py", line 480, in __getitem__
    advanced = False
KeyboardInterrupt
ERROR:root:Oops:
Traceback (most recent call last):
  File "/net/hciserver03/storage/abailoni/rep/greedy_CNN/test_reg_best.py", line 212, in <module>
    main()
  File "/net/hciserver03/storage/abailoni/rep/greedy_CNN/test_reg_best.py", line 12, in main
    import theano
  File "/export/home/abailoni/miniconda2/envs/env/lib/python2.7/site-packages/theano/__init__.py", line 110, in <module>
    import theano.sandbox.cuda
  File "/export/home/abailoni/miniconda2/envs/env/lib/python2.7/site-packages/theano/sandbox/cuda/__init__.py", line 705, in <module>
    use(device=config.device, force=config.force_device, test_driver=False)
  File "/export/home/abailoni/miniconda2/envs/env/lib/python2.7/site-packages/theano/sandbox/cuda/__init__.py", line 590, in use
    if dnn_available():
  File "/export/home/abailoni/miniconda2/envs/env/lib/python2.7/site-packages/theano/sandbox/cuda/__init__.py", line 327, in dnn_available
    v = dnn_version()
  File "/export/home/abailoni/miniconda2/envs/env/lib/python2.7/site-packages/theano/sandbox/cuda/__init__.py", line 419, in dnn_version
    profile=False)
  File "/export/home/abailoni/miniconda2/envs/env/lib/python2.7/site-packages/theano/compile/function.py", line 322, in function
    output_keys=output_keys)
  File "/export/home/abailoni/miniconda2/envs/env/lib/python2.7/site-packages/theano/compile/pfunc.py", line 480, in pfunc
    output_keys=output_keys)
  File "/export/home/abailoni/miniconda2/envs/env/lib/python2.7/site-packages/theano/compile/function_module.py", line 1788, in orig_function
    defaults)
  File "/export/home/abailoni/miniconda2/envs/env/lib/python2.7/site-packages/theano/compile/function_module.py", line 1652, in create
    input_storage=input_storage_lists, storage_map=storage_map)
  File "/export/home/abailoni/miniconda2/envs/env/lib/python2.7/site-packages/theano/gof/link.py", line 699, in make_thunk
    storage_map=storage_map)[:3]
  File "/export/home/abailoni/miniconda2/envs/env/lib/python2.7/site-packages/theano/gof/vm.py", line 1049, in make_all
    no_recycling))
  File "/export/home/abailoni/miniconda2/envs/env/lib/python2.7/site-packages/theano/sandbox/cuda/__init__.py", line 257, in make_thunk
    compute_map, no_recycling)
  File "/export/home/abailoni/miniconda2/envs/env/lib/python2.7/site-packages/theano/gof/op.py", line 975, in make_thunk
    no_recycling)
  File "/export/home/abailoni/miniconda2/envs/env/lib/python2.7/site-packages/theano/gof/op.py", line 875, in make_c_thunk
    output_storage=node_output_storage)
  File "/export/home/abailoni/miniconda2/envs/env/lib/python2.7/site-packages/theano/gof/cc.py", line 1189, in make_thunk
    keep_lock=keep_lock)
  File "/export/home/abailoni/miniconda2/envs/env/lib/python2.7/site-packages/theano/gof/cc.py", line 1130, in __compile__
    keep_lock=keep_lock)
  File "/export/home/abailoni/miniconda2/envs/env/lib/python2.7/site-packages/theano/gof/cc.py", line 1584, in cthunk_factory
    module = get_module_cache().module_from_key(
  File "/export/home/abailoni/miniconda2/envs/env/lib/python2.7/site-packages/theano/gof/cc.py", line 48, in get_module_cache
    return cmodule.get_module_cache(config.compiledir, init_args=init_args)
  File "/export/home/abailoni/miniconda2/envs/env/lib/python2.7/site-packages/theano/gof/cmodule.py", line 1535, in get_module_cache
    _module_cache = ModuleCache(dirname, **init_args)
  File "/export/home/abailoni/miniconda2/envs/env/lib/python2.7/site-packages/theano/gof/cmodule.py", line 660, in __init__
    self.refresh()
  File "/export/home/abailoni/miniconda2/envs/env/lib/python2.7/site-packages/theano/gof/cmodule.py", line 929, in refresh
    open(entry).close()
KeyboardInterrupt
ERROR:root:Oops:
Traceback (most recent call last):
  File "/net/hciserver03/storage/abailoni/rep/greedy_CNN/test_reg_best.py", line 212, in <module>
    main()
  File "/net/hciserver03/storage/abailoni/rep/greedy_CNN/test_reg_best.py", line 207, in main
    first()
  File "/net/hciserver03/storage/abailoni/rep/greedy_CNN/mod_nolearn/tuneHyper.py", line 221, in __call__
    results.append(self.fit_model(val_dict, "model_%d" %(model_ids[k])))
  File "/net/hciserver03/storage/abailoni/rep/greedy_CNN/test_reg_best.py", line 178, in fit_model
    greedy_routine.train_convSoftmax(net_name, 0, fit_naiveRoutine_convSoft, fit_naiveRoutine_convSoft_finetune,  0)
  File "/net/hciserver03/storage/abailoni/rep/greedy_CNN/greedyNET/nets/greedyNet.py", line 206, in train_convSoftmax
    self.post_Training(net_name)
  File "/net/hciserver03/storage/abailoni/rep/greedy_CNN/greedyNET/nets/greedyNet.py", line 214, in post_Training
    utils.pickle_model(self.convSoftmax[net_name],self.BASE_PATH_LOG_MODEL+net_name+'/routine.pickle')
  File "/net/hciserver03/storage/abailoni/rep/greedy_CNN/mod_nolearn/utils.py", line 8, in pickle_model
    pickle.dump(net, f, -1)
RuntimeError: maximum recursion depth exceeded while pickling an object
ERROR:root:Oops:
Traceback (most recent call last):
  File "/net/hciserver03/storage/abailoni/rep/greedy_CNN/test_reg_best.py", line 212, in <module>
    main()
  File "/net/hciserver03/storage/abailoni/rep/greedy_CNN/test_reg_best.py", line 207, in main
    first()
  File "/net/hciserver03/storage/abailoni/rep/greedy_CNN/mod_nolearn/tuneHyper.py", line 221, in __call__
    results.append(self.fit_model(val_dict, "model_%d" %(model_ids[k])))
  File "/net/hciserver03/storage/abailoni/rep/greedy_CNN/test_reg_best.py", line 178, in fit_model
    greedy_routine.train_convSoftmax(net_name, 0, fit_naiveRoutine_convSoft, fit_naiveRoutine_convSoft_finetune,  0)
  File "/net/hciserver03/storage/abailoni/rep/greedy_CNN/greedyNET/nets/greedyNet.py", line 202, in train_convSoftmax
    self.convSoftmax[net_name].activate_nodes()
  File "/net/hciserver03/storage/abailoni/rep/greedy_CNN/greedyNET/nets/convSoftmax.py", line 241, in activate_nodes
    self.net.initialize()
  File "/export/home/abailoni/miniconda2/envs/env/lib/python2.7/site-packages/nolearn/lasagne/base.py", line 371, in initialize
    self.y_tensor_type,
  File "/export/home/abailoni/miniconda2/envs/env/lib/python2.7/site-packages/nolearn/lasagne/base.py", line 489, in _create_iter_funcs
    s[1](predict_proba, y_batch) for s in self.scores_train]
  File "/net/hciserver03/storage/abailoni/rep/greedy_CNN/mod_nolearn/segmentFcts.py", line 74, in pixel_accuracy_sigmoid
    n_pixels = T.cast(targets.shape[1]*targets.shape[2], 'float32')
  File "/export/home/abailoni/miniconda2/envs/env/lib/python2.7/site-packages/theano/tensor/var.py", line 163, in __mul__
    return theano.tensor.mul(self, other)
  File "/export/home/abailoni/miniconda2/envs/env/lib/python2.7/site-packages/theano/gof/op.py", line 602, in __call__
    node = self.make_node(*inputs, **kwargs)
  File "/export/home/abailoni/miniconda2/envs/env/lib/python2.7/site-packages/theano/tensor/elemwise.py", line 613, in make_node
    DimShuffle, *inputs)
  File "/export/home/abailoni/miniconda2/envs/env/lib/python2.7/site-packages/theano/tensor/elemwise.py", line 554, in get_output_info
    for i in inputs])
  File "/export/home/abailoni/miniconda2/envs/env/lib/python2.7/site-packages/theano/scalar/basic.py", line 280, in make_variable
    return ScalarVariable(self, name=name)
  File "/export/home/abailoni/miniconda2/envs/env/lib/python2.7/site-packages/theano/gof/graph.py", line 375, in __init__
    super(Variable, self).__init__()
KeyboardInterrupt
